C:\USERS\DZYQQ\DESKTOP\图形学作业\PROJECT1\DEBUG\PROJECT1.EXE
C:\USERS\DZYQQ\DESKTOP\图形学作业\PROJECT1\DEBUG\PROJECT1.ILK
C:\USERS\DZYQQ\DESKTOP\图形学作业\PROJECT1\DEBUG\PROJECT1.PDB
C:\Users\dzyqq\Desktop\图形学作业\project1\project1\Debug\cl.command.1.tlog
C:\Users\dzyqq\Desktop\图形学作业\project1\project1\Debug\CL.read.1.tlog
C:\Users\dzyqq\Desktop\图形学作业\project1\project1\Debug\CL.write.1.tlog
C:\Users\dzyqq\Desktop\图形学作业\project1\project1\Debug\link.7652.read.1.tlog
C:\Users\dzyqq\Desktop\图形学作业\project1\project1\Debug\link.7652.write.1.tlog
C:\Users\dzyqq\Desktop\图形学作业\project1\project1\Debug\link.7652-cvtres.read.1.tlog
C:\Users\dzyqq\Desktop\图形学作业\project1\project1\Debug\link.7652-cvtres.write.1.tlog
C:\Users\dzyqq\Desktop\图形学作业\project1\project1\Debug\link.command.1.tlog
C:\Users\dzyqq\Desktop\图形学作业\project1\project1\Debug\link.read.1.tlog
C:\Users\dzyqq\Desktop\图形学作业\project1\project1\Debug\link.write.1.tlog
C:\Users\dzyqq\Desktop\图形学作业\project1\project1\Debug\link-cvtres.read.1.tlog
C:\Users\dzyqq\Desktop\图形学作业\project1\project1\Debug\link-cvtres.write.1.tlog
C:\Users\dzyqq\Desktop\图形学作业\project1\project1\Debug\mt.command.1.tlog
C:\Users\dzyqq\Desktop\图形学作业\project1\project1\Debug\mt.read.1.tlog
C:\Users\dzyqq\Desktop\图形学作业\project1\project1\Debug\mt.write.1.tlog
C:\USERS\DZYQQ\DESKTOP\图形学作业\PROJECT1\PROJECT1\DEBUG\PROJECT1.EXE.EMBED.MANIFEST
C:\USERS\DZYQQ\DESKTOP\图形学作业\PROJECT1\PROJECT1\DEBUG\PROJECT1.EXE.EMBED.MANIFEST.RES
C:\USERS\DZYQQ\DESKTOP\图形学作业\PROJECT1\PROJECT1\DEBUG\PROJECT1.EXE.INTERMEDIATE.MANIFEST
C:\USERS\DZYQQ\DESKTOP\图形学作业\PROJECT1\PROJECT1\DEBUG\PROJECT1.OBJ
C:\USERS\DZYQQ\DESKTOP\图形学作业\PROJECT1\PROJECT1\DEBUG\PROJECT1.PCH
C:\Users\dzyqq\Desktop\图形学作业\project1\project1\Debug\project1.vcxprojResolveAssemblyReference.cache
C:\Users\dzyqq\Desktop\图形学作业\project1\project1\Debug\project1.write.1.tlog
C:\Users\dzyqq\Desktop\图形学作业\project1\project1\Debug\project1_manifest.rc
C:\Users\dzyqq\Desktop\图形学作业\project1\project1\Debug\rc.command.1.tlog
C:\Users\dzyqq\Desktop\图形学作业\project1\project1\Debug\rc.read.1.tlog
C:\Users\dzyqq\Desktop\图形学作业\project1\project1\Debug\rc.write.1.tlog
C:\USERS\DZYQQ\DESKTOP\图形学作业\PROJECT1\PROJECT1\DEBUG\STDAFX.OBJ
C:\Users\dzyqq\Desktop\图形学作业\project1\project1\Debug\vc100.idb
C:\USERS\DZYQQ\DESKTOP\图形学作业\PROJECT1\PROJECT1\DEBUG\VC100.PDB
