生成启动时间为 2018/3/24 20:30:00。
项目“C:\Users\dzyqq\Desktop\图形学作业\project1\project1\project1.vcxproj”在节点 2 上(build 个目标)。
InitializeBuildStatus:
  正在创建“Debug\project1.unsuccessfulbuild”，因为已指定“AlwaysCreate”。
ClCompile:
  所有输出均为最新。
  C:\Program Files\Microsoft Visual Studio 10.0\VC\bin\CL.exe /c /ZI /nologo /W3 /WX- /Od /Oy- /D WIN32 /D _DEBUG /D _CONSOLE /D _UNICODE /D UNICODE /Gm /EHsc /RTC1 /MDd /GS /fp:precise /Zc:wchar_t /Zc:forScope /Yu"StdAfx.h" /Fp"Debug\project1.pch" /Fo"Debug\\" /Fd"Debug\vc100.pdb" /Gd /TP /analyze- /errorReport:prompt project1.cpp
  project1.cpp
ManifestResourceCompile:
  所有输出均为最新。
Link:
  C:\Program Files\Microsoft Visual Studio 10.0\VC\bin\link.exe /ERRORREPORT:PROMPT /OUT:"C:\Users\dzyqq\Desktop\图形学作业\project1\Debug\project1.exe" /INCREMENTAL /NOLOGO kernel32.lib user32.lib gdi32.lib winspool.lib comdlg32.lib advapi32.lib shell32.lib ole32.lib oleaut32.lib uuid.lib odbc32.lib odbccp32.lib /MANIFEST /ManifestFile:"Debug\project1.exe.intermediate.manifest" /MANIFESTUAC:"level='asInvoker' uiAccess='false'" /DEBUG /PDB:"C:\Users\dzyqq\Desktop\图形学作业\project1\Debug\project1.pdb" /SUBSYSTEM:CONSOLE /TLBID:1 /DYNAMICBASE /NXCOMPAT /IMPLIB:"C:\Users\dzyqq\Desktop\图形学作业\project1\Debug\project1.lib" /MACHINE:X86 Debug\project1.exe.embed.manifest.res
  Debug\project1.obj
  Debug\stdafx.obj
Manifest:
  C:\Program Files\Microsoft SDKs\Windows\v7.0A\bin\mt.exe /nologo /verbose /out:"Debug\project1.exe.embed.manifest" /manifest Debug\project1.exe.intermediate.manifest
  所有输出均为最新。
LinkEmbedManifest:
  所有输出均为最新。
  project1.vcxproj -> C:\Users\dzyqq\Desktop\图形学作业\project1\Debug\project1.exe
PostBuildEvent:
  copy ..\debug\*.exe ..\lib\
  :VCEnd
  ..\debug\project1.exe
  已复制         1 个文件。
FinalizeBuildStatus:
  正在删除文件“Debug\project1.unsuccessfulbuild”。
  正在对“Debug\project1.lastbuildstate”执行 Touch 任务。
已完成生成项目“C:\Users\dzyqq\Desktop\图形学作业\project1\project1\project1.vcxproj”(build 个目标)的操作。

生成成功。

已用时间 00:00:02.73
