生成启动时间为 2018/4/24 21:41:36。
项目“C:\Users\dzyqq\Desktop\图形学作业\project4\project4\project4.vcxproj”在节点 2 上(build 个目标)。
InitializeBuildStatus:
  正在创建“Debug\project4.unsuccessfulbuild”，因为已指定“AlwaysCreate”。
ClCompile:
  所有输出均为最新。
  C:\Program Files\Microsoft Visual Studio 10.0\VC\bin\CL.exe /c /ZI /nologo /W3 /WX- /Od /Oy- /D WIN32 /D _DEBUG /D _CONSOLE /D _UNICODE /D UNICODE /Gm /EHsc /RTC1 /MDd /GS /fp:precise /Zc:wchar_t /Zc:forScope /Yu"StdAfx.h" /Fp"Debug\project4.pch" /Fo"Debug\\" /Fd"Debug\vc100.pdb" /Gd /TP /analyze- /errorReport:prompt project4.cpp
  project4.cpp
ManifestResourceCompile:
  所有输出均为最新。
Link:
  C:\Program Files\Microsoft Visual Studio 10.0\VC\bin\link.exe /ERRORREPORT:PROMPT /OUT:"C:\Users\dzyqq\Desktop\图形学作业\project4\Debug\project4.exe" /INCREMENTAL /NOLOGO kernel32.lib user32.lib gdi32.lib winspool.lib comdlg32.lib advapi32.lib shell32.lib ole32.lib oleaut32.lib uuid.lib odbc32.lib odbccp32.lib /MANIFEST /ManifestFile:"Debug\project4.exe.intermediate.manifest" /MANIFESTUAC:"level='asInvoker' uiAccess='false'" /DEBUG /PDB:"C:\Users\dzyqq\Desktop\图形学作业\project4\Debug\project4.pdb" /SUBSYSTEM:CONSOLE /TLBID:1 /DYNAMICBASE /NXCOMPAT /IMPLIB:"C:\Users\dzyqq\Desktop\图形学作业\project4\Debug\project4.lib" /MACHINE:X86 Debug\project4.exe.embed.manifest.res
  Debug\Euler.obj
  Debug\Matrix048.obj
  Debug\project4.obj
  Debug\Quaternion.obj
  Debug\stdafx.obj
  Debug\Vector048.obj
Manifest:
  C:\Program Files\Microsoft SDKs\Windows\v7.0A\bin\mt.exe /nologo /verbose /out:"Debug\project4.exe.embed.manifest" /manifest Debug\project4.exe.intermediate.manifest
  所有输出均为最新。
LinkEmbedManifest:
  所有输出均为最新。
  project4.vcxproj -> C:\Users\dzyqq\Desktop\图形学作业\project4\Debug\project4.exe
PostBuildEvent:
  copy ..\debug\*.exe ..\lib\
  :VCEnd
  ..\debug\project4.exe
  已复制         1 个文件。
FinalizeBuildStatus:
  正在删除文件“Debug\project4.unsuccessfulbuild”。
  正在对“Debug\project4.lastbuildstate”执行 Touch 任务。
已完成生成项目“C:\Users\dzyqq\Desktop\图形学作业\project4\project4\project4.vcxproj”(build 个目标)的操作。

生成成功。

已用时间 00:00:03.20
