C:\USERS\DZYQQ\DESKTOP\图形学作业\PROJECT2\DEBUG\PROJECT2.EXE
C:\USERS\DZYQQ\DESKTOP\图形学作业\PROJECT2\DEBUG\PROJECT2.ILK
C:\USERS\DZYQQ\DESKTOP\图形学作业\PROJECT2\DEBUG\PROJECT2.PDB
C:\Users\dzyqq\Desktop\图形学作业\project2\project2\Debug\cl.command.1.tlog
C:\Users\dzyqq\Desktop\图形学作业\project2\project2\Debug\CL.read.1.tlog
C:\Users\dzyqq\Desktop\图形学作业\project2\project2\Debug\CL.write.1.tlog
C:\Users\dzyqq\Desktop\图形学作业\project2\project2\Debug\link.2108.read.1.tlog
C:\Users\dzyqq\Desktop\图形学作业\project2\project2\Debug\link.2108.write.1.tlog
C:\Users\dzyqq\Desktop\图形学作业\project2\project2\Debug\link.2108-cvtres.read.1.tlog
C:\Users\dzyqq\Desktop\图形学作业\project2\project2\Debug\link.2108-cvtres.write.1.tlog
C:\Users\dzyqq\Desktop\图形学作业\project2\project2\Debug\link.command.1.tlog
C:\Users\dzyqq\Desktop\图形学作业\project2\project2\Debug\link.read.1.tlog
C:\Users\dzyqq\Desktop\图形学作业\project2\project2\Debug\link.write.1.tlog
C:\Users\dzyqq\Desktop\图形学作业\project2\project2\Debug\link-cvtres.read.1.tlog
C:\Users\dzyqq\Desktop\图形学作业\project2\project2\Debug\link-cvtres.write.1.tlog
C:\Users\dzyqq\Desktop\图形学作业\project2\project2\Debug\mt.command.1.tlog
C:\Users\dzyqq\Desktop\图形学作业\project2\project2\Debug\mt.read.1.tlog
C:\Users\dzyqq\Desktop\图形学作业\project2\project2\Debug\mt.write.1.tlog
C:\USERS\DZYQQ\DESKTOP\图形学作业\PROJECT2\PROJECT2\DEBUG\PROJECT2.EXE.EMBED.MANIFEST
C:\USERS\DZYQQ\DESKTOP\图形学作业\PROJECT2\PROJECT2\DEBUG\PROJECT2.EXE.EMBED.MANIFEST.RES
C:\USERS\DZYQQ\DESKTOP\图形学作业\PROJECT2\PROJECT2\DEBUG\PROJECT2.EXE.INTERMEDIATE.MANIFEST
C:\USERS\DZYQQ\DESKTOP\图形学作业\PROJECT2\PROJECT2\DEBUG\PROJECT2.OBJ
C:\USERS\DZYQQ\DESKTOP\图形学作业\PROJECT2\PROJECT2\DEBUG\PROJECT2.PCH
C:\Users\dzyqq\Desktop\图形学作业\project2\project2\Debug\project2.write.1.tlog
C:\Users\dzyqq\Desktop\图形学作业\project2\project2\Debug\project2_manifest.rc
C:\Users\dzyqq\Desktop\图形学作业\project2\project2\Debug\rc.command.1.tlog
C:\Users\dzyqq\Desktop\图形学作业\project2\project2\Debug\rc.read.1.tlog
C:\Users\dzyqq\Desktop\图形学作业\project2\project2\Debug\rc.write.1.tlog
C:\USERS\DZYQQ\DESKTOP\图形学作业\PROJECT2\PROJECT2\DEBUG\STDAFX.OBJ
C:\Users\dzyqq\Desktop\图形学作业\project2\project2\Debug\vc100.idb
C:\USERS\DZYQQ\DESKTOP\图形学作业\PROJECT2\PROJECT2\DEBUG\VC100.PDB
